<?xml version='1.0' encoding='UTF-8' ?>
<testsuite name="com.example.dogglers.VerticalListTests" tests="4" failures="0" errors="0" skipped="0" time="10.569" timestamp="2022-12-24T07:22:11" hostname="localhost">
  <properties>
    <property name="device" value="Pixel2(AVD) - 11" />
    <property name="flavor" value="" />
    <property name="project" value=":app" />
  </properties>
  <testcase name="recycler_view_item_count" classname="com.example.dogglers.VerticalListTests" time="2.311" />
  <testcase name="vertical_scroll_content_at_last_position" classname="com.example.dogglers.VerticalListTests" time="1.357" />
  <testcase name="vertical_scrolling" classname="com.example.dogglers.VerticalListTests" time="1.506" />
  <testcase name="vertical_scroll_content_at_first_position" classname="com.example.dogglers.VerticalListTests" time="1.28" />
</testsuite>